2025-05-21 00:08:05.684 [pool-3-thread-1] INFO  com.rs.mv.mvvs.client.catalog.from.scan.CurrentPathScanner - [client:400205]scan file in current open file directory(C:/Users/Juan C/Desktop/portfolio/src/models)
2025-05-21 00:08:06.974 [pool-3-thread-1] INFO  com.rs.mv.mvvs.client.catalog.from.scan.CurrentPathScanner - [client:400205]scan file in current open file directory(C:/Users/Juan C/Desktop/portfolio/src/models)
2025-05-21 00:08:07.671 [pool-3-thread-1] INFO  com.rs.mv.mvvs.client.catalog.from.scan.CurrentPathScanner - [client:400205]scan file in current open file directory(C:/Users/Juan C/Desktop/portfolio/src/models)
2025-05-21 00:08:15.698 [pool-3-thread-1] INFO  com.rs.mv.mvvs.client.catalog.from.scan.CurrentPathScanner - [client:400205]scan file in current open file directory(C:/Users/Juan C/Desktop/portfolio/src/models)
2025-05-21 00:08:16.763 [pool-3-thread-1] INFO  com.rs.mv.mvvs.client.catalog.from.scan.CurrentPathScanner - [client:400205]scan file in current open file directory(C:/Users/Juan C/Desktop/portfolio/src/models)
2025-05-21 00:08:21.666 [pool-3-thread-1] INFO  com.rs.mv.mvvs.client.catalog.from.scan.CurrentPathScanner - [client:400205]scan file in current open file directory(C:/Users/Juan C/Desktop/portfolio/src/models)
2025-05-21 00:08:22.419 [pool-3-thread-1] INFO  com.rs.mv.mvvs.client.catalog.from.scan.CurrentPathScanner - [client:400205]scan file in current open file directory(C:/Users/Juan C/Desktop/portfolio/src/models)
2025-05-21 00:08:24.345 [pool-3-thread-1] INFO  com.rs.mv.mvvs.client.catalog.from.scan.CurrentPathScanner - [client:400205]scan file in current open file directory(C:/Users/Juan C/Desktop/portfolio/src/models)
2025-05-21 00:08:24.998 [pool-3-thread-1] INFO  com.rs.mv.mvvs.client.catalog.from.scan.CurrentPathScanner - [client:400205]scan file in current open file directory(C:/Users/Juan C/Desktop/portfolio/src/models)
2025-05-21 00:08:26.182 [pool-3-thread-1] INFO  com.rs.mv.mvvs.client.catalog.from.scan.CurrentPathScanner - [client:400205]scan file in current open file directory(C:/Users/Juan C/Desktop/portfolio/src/models)
2025-05-21 00:08:26.793 [pool-3-thread-1] INFO  com.rs.mv.mvvs.client.catalog.from.scan.CurrentPathScanner - [client:400205]scan file in current open file directory(C:/Users/Juan C/Desktop/portfolio/src/models)
2025-05-21 00:08:32.046 [pool-3-thread-1] INFO  com.rs.mv.mvvs.client.catalog.from.scan.CurrentPathScanner - [client:400205]scan file in current open file directory(C:/Users/Juan C/Desktop/portfolio/src/models)
2025-05-21 00:08:32.707 [pool-3-thread-1] INFO  com.rs.mv.mvvs.client.catalog.from.scan.CurrentPathScanner - [client:400205]scan file in current open file directory(C:/Users/Juan C/Desktop/portfolio/src/models)
2025-05-21 00:09:38.889 [pool-3-thread-1] INFO  com.rs.mv.mvvs.client.catalog.from.scan.CurrentPathScanner - [client:400205]scan file in current open file directory(C:/Users/Juan C/Desktop/portfolio/src/models)
2025-05-21 00:09:39.605 [pool-3-thread-1] INFO  com.rs.mv.mvvs.client.catalog.from.scan.CurrentPathScanner - [client:400205]scan file in current open file directory(C:/Users/Juan C/Desktop/portfolio/src/models)
2025-05-21 00:11:32.492 [pool-3-thread-1] INFO  com.rs.mv.mvvs.client.catalog.from.scan.CurrentPathScanner - [client:400205]scan file in current open file directory(C:/Users/Juan C/Desktop/portfolio/src/models)
2025-05-21 00:11:34.506 [pool-3-thread-1] INFO  com.rs.mv.mvvs.client.catalog.from.scan.CurrentPathScanner - [client:400205]scan file in current open file directory(C:/Users/Juan C/Desktop/portfolio/src/models)
2025-05-21 00:11:43.718 [pool-3-thread-1] INFO  com.rs.mv.mvvs.client.catalog.from.scan.CurrentPathScanner - [client:400205]scan file in current open file directory(C:/Users/Juan C/Desktop/portfolio/src/models)
2025-05-21 00:11:44.805 [pool-3-thread-1] INFO  com.rs.mv.mvvs.client.catalog.from.scan.CurrentPathScanner - [client:400205]scan file in current open file directory(C:/Users/Juan C/Desktop/portfolio/src/models)
2025-05-21 00:11:46.532 [pool-3-thread-1] INFO  com.rs.mv.mvvs.client.catalog.from.scan.CurrentPathScanner - [client:400205]scan file in current open file directory(C:/Users/Juan C/Desktop/portfolio/src/models)
2025-05-21 00:11:47.240 [pool-3-thread-1] INFO  com.rs.mv.mvvs.client.catalog.from.scan.CurrentPathScanner - [client:400205]scan file in current open file directory(C:/Users/Juan C/Desktop/portfolio/src/models)
2025-05-21 00:11:50.730 [pool-3-thread-1] INFO  com.rs.mv.mvvs.client.catalog.from.scan.CurrentPathScanner - [client:400205]scan file in current open file directory(C:/Users/Juan C/Desktop/portfolio/src/models)
2025-05-21 00:11:51.392 [pool-3-thread-1] INFO  com.rs.mv.mvvs.client.catalog.from.scan.CurrentPathScanner - [client:400205]scan file in current open file directory(C:/Users/Juan C/Desktop/portfolio/src/models)
2025-05-21 00:12:35.044 [pool-3-thread-1] INFO  com.rs.mv.mvvs.client.catalog.from.scan.CurrentPathScanner - [client:400205]scan file in current open file directory(C:/Users/Juan C/Desktop/portfolio/src/app/utils)
2025-05-21 00:12:36.604 [pool-3-thread-1] INFO  com.rs.mv.mvvs.client.catalog.from.scan.CurrentPathScanner - [client:400205]scan file in current open file directory(C:/Users/Juan C/Desktop/portfolio/src/app/testimonials)
2025-05-21 00:12:43.357 [pool-3-thread-1] INFO  com.rs.mv.mvvs.client.catalog.from.scan.CurrentPathScanner - [client:400205]scan file in current open file directory(C:/Users/Juan C/Desktop/portfolio/src/app/api/contact)
2025-05-21 00:13:08.844 [pool-3-thread-1] INFO  com.rs.mv.mvvs.client.catalog.from.scan.CurrentPathScanner - [client:400205]scan file in current open file directory(C:/Users/Juan C/Desktop/portfolio/src/models)
2025-05-21 00:13:35.127 [pool-3-thread-1] INFO  com.rs.mv.mvvs.client.catalog.from.scan.CurrentPathScanner - [client:400205]scan file in current open file directory(C:/Users/Juan C/Desktop/portfolio/src/app/api/contact)
2025-05-21 00:13:36.168 [pool-3-thread-1] INFO  com.rs.mv.mvvs.client.catalog.from.scan.CurrentPathScanner - [client:400205]scan file in current open file directory(C:/Users/Juan C/Desktop/portfolio/src/models)
2025-05-21 00:13:36.801 [pool-3-thread-1] INFO  com.rs.mv.mvvs.client.catalog.from.scan.CurrentPathScanner - [client:400205]scan file in current open file directory(C:/Users/Juan C/Desktop/portfolio/src/models)
2025-05-21 00:13:39.906 [pool-3-thread-1] INFO  com.rs.mv.mvvs.client.catalog.from.scan.CurrentPathScanner - [client:400205]scan file in current open file directory(C:/Users/Juan C/Desktop/portfolio/src/models)
2025-05-21 00:13:46.308 [pool-3-thread-1] INFO  com.rs.mv.mvvs.client.catalog.from.scan.CurrentPathScanner - [client:400205]scan file in current open file directory(C:/Users/Juan C/Desktop/portfolio/src/models)
2025-05-21 00:13:47.117 [pool-3-thread-1] INFO  com.rs.mv.mvvs.client.catalog.from.scan.CurrentPathScanner - [client:400205]scan file in current open file directory(C:/Users/Juan C/Desktop/portfolio/src/models)
2025-05-21 00:13:51.405 [pool-3-thread-1] INFO  com.rs.mv.mvvs.client.catalog.from.scan.CurrentPathScanner - [client:400205]scan file in current open file directory(C:/Users/Juan C/Desktop/portfolio/src/models)
2025-05-21 00:13:52.065 [pool-3-thread-1] INFO  com.rs.mv.mvvs.client.catalog.from.scan.CurrentPathScanner - [client:400205]scan file in current open file directory(C:/Users/Juan C/Desktop/portfolio/src/models)
2025-05-21 00:14:00.160 [pool-3-thread-1] INFO  com.rs.mv.mvvs.client.catalog.from.scan.CurrentPathScanner - [client:400205]scan file in current open file directory(C:/Users/Juan C/Desktop/portfolio/src/models)
2025-05-21 00:14:02.433 [pool-3-thread-1] INFO  com.rs.mv.mvvs.client.catalog.from.scan.CurrentPathScanner - [client:400205]scan file in current open file directory(C:/Users/Juan C/Desktop/portfolio/src/models)
2025-05-21 00:14:07.073 [pool-3-thread-1] INFO  com.rs.mv.mvvs.client.catalog.from.scan.CurrentPathScanner - [client:400205]scan file in current open file directory(C:/Users/Juan C/Desktop/portfolio/src/models)
2025-05-21 00:14:11.076 [pool-3-thread-1] INFO  com.rs.mv.mvvs.client.catalog.from.scan.CurrentPathScanner - [client:400205]scan file in current open file directory(C:/Users/Juan C/Desktop/portfolio/src/models)
2025-05-21 00:14:22.734 [pool-3-thread-1] INFO  com.rs.mv.mvvs.client.catalog.from.scan.CurrentPathScanner - [client:400205]scan file in current open file directory(C:/Users/Juan C/Desktop/portfolio/src/models)
2025-05-21 00:14:25.240 [pool-3-thread-1] INFO  com.rs.mv.mvvs.client.catalog.from.scan.CurrentPathScanner - [client:400205]scan file in current open file directory(C:/Users/Juan C/Desktop/portfolio/src/models)
2025-05-21 00:14:28.412 [pool-3-thread-1] INFO  com.rs.mv.mvvs.client.catalog.from.scan.CurrentPathScanner - [client:400205]scan file in current open file directory(C:/Users/Juan C/Desktop/portfolio/src/models)
2025-05-21 00:14:31.030 [pool-3-thread-1] INFO  com.rs.mv.mvvs.client.catalog.from.scan.CurrentPathScanner - [client:400205]scan file in current open file directory(C:/Users/Juan C/Desktop/portfolio/src/models)
2025-05-21 00:14:32.766 [pool-3-thread-1] INFO  com.rs.mv.mvvs.client.catalog.from.scan.CurrentPathScanner - [client:400205]scan file in current open file directory(C:/Users/Juan C/Desktop/portfolio/src/models)
2025-05-21 00:14:36.003 [pool-3-thread-1] INFO  com.rs.mv.mvvs.client.catalog.from.scan.CurrentPathScanner - [client:400205]scan file in current open file directory(C:/Users/Juan C/Desktop/portfolio/src/models)
2025-05-21 00:14:37.682 [pool-3-thread-1] INFO  com.rs.mv.mvvs.client.catalog.from.scan.CurrentPathScanner - [client:400205]scan file in current open file directory(C:/Users/Juan C/Desktop/portfolio/src/models)
2025-05-21 00:14:39.742 [pool-3-thread-1] INFO  com.rs.mv.mvvs.client.catalog.from.scan.CurrentPathScanner - [client:400205]scan file in current open file directory(C:/Users/Juan C/Desktop/portfolio/src/models)
2025-05-21 00:14:45.268 [pool-3-thread-1] INFO  com.rs.mv.mvvs.client.catalog.from.scan.CurrentPathScanner - [client:400205]scan file in current open file directory(C:/Users/Juan C/Desktop/portfolio/src/models)
2025-05-21 00:14:47.930 [pool-3-thread-1] INFO  com.rs.mv.mvvs.client.catalog.from.scan.CurrentPathScanner - [client:400205]scan file in current open file directory(C:/Users/Juan C/Desktop/portfolio/src/models)
2025-05-21 00:14:57.068 [pool-3-thread-1] INFO  com.rs.mv.mvvs.client.catalog.from.scan.CurrentPathScanner - [client:400205]scan file in current open file directory(C:/Users/Juan C/Desktop/portfolio/src/models)
2025-05-21 00:15:00.123 [pool-3-thread-1] INFO  com.rs.mv.mvvs.client.catalog.from.scan.CurrentPathScanner - [client:400205]scan file in current open file directory(C:/Users/Juan C/Desktop/portfolio/src/models)
2025-05-21 00:15:02.692 [pool-3-thread-1] INFO  com.rs.mv.mvvs.client.catalog.from.scan.CurrentPathScanner - [client:400205]scan file in current open file directory(C:/Users/Juan C/Desktop/portfolio/src/models)
2025-05-21 00:15:04.814 [pool-3-thread-1] INFO  com.rs.mv.mvvs.client.catalog.from.scan.CurrentPathScanner - [client:400205]scan file in current open file directory(C:/Users/Juan C/Desktop/portfolio/src/models)
2025-05-21 00:15:12.244 [pool-3-thread-1] INFO  com.rs.mv.mvvs.client.catalog.from.scan.CurrentPathScanner - [client:400205]scan file in current open file directory(C:/Users/Juan C/Desktop/portfolio/src/models)
2025-05-21 00:15:13.076 [pool-3-thread-1] INFO  com.rs.mv.mvvs.client.catalog.from.scan.CurrentPathScanner - [client:400205]scan file in current open file directory(C:/Users/Juan C/Desktop/portfolio/src/app/form-testimonial)
2025-05-21 00:15:15.065 [pool-3-thread-1] INFO  com.rs.mv.mvvs.client.catalog.from.scan.CurrentPathScanner - [client:400205]scan file in current open file directory(C:/Users/Juan C/Desktop/portfolio/src/app/lib)
2025-05-21 00:15:37.330 [pool-3-thread-1] INFO  com.rs.mv.mvvs.client.catalog.from.scan.CurrentPathScanner - [client:400205]scan file in current open file directory(C:/Users/Juan C/Desktop/portfolio)
2025-05-21 00:15:39.424 [pool-3-thread-1] INFO  com.rs.mv.mvvs.client.catalog.from.scan.CurrentPathScanner - [client:400205]scan file in current open file directory(C:/Users/Juan C/Desktop/portfolio/src/app/lib)
2025-05-21 00:15:39.901 [pool-3-thread-1] INFO  com.rs.mv.mvvs.client.catalog.from.scan.CurrentPathScanner - [client:400205]scan file in current open file directory(C:/Users/Juan C/Desktop/portfolio)
2025-05-21 00:15:42.131 [pool-3-thread-1] INFO  com.rs.mv.mvvs.client.catalog.from.scan.CurrentPathScanner - [client:400205]scan file in current open file directory(C:/Users/Juan C/Desktop/portfolio/src/app/lib)
2025-05-21 00:15:59.992 [pool-3-thread-1] INFO  com.rs.mv.mvvs.client.catalog.from.scan.CurrentPathScanner - [client:400205]scan file in current open file directory(C:/Users/Juan C/Desktop/portfolio)
2025-05-21 00:16:01.392 [pool-3-thread-1] INFO  com.rs.mv.mvvs.client.catalog.from.scan.CurrentPathScanner - [client:400205]scan file in current open file directory(C:/Users/Juan C/Desktop/portfolio/src/app/lib)
2025-05-21 00:16:17.032 [pool-3-thread-1] INFO  com.rs.mv.mvvs.client.catalog.from.scan.CurrentPathScanner - [client:400205]scan file in current open file directory(C:/Users/Juan C/Desktop/portfolio)
2025-05-21 00:16:18.987 [pool-3-thread-1] INFO  com.rs.mv.mvvs.client.catalog.from.scan.CurrentPathScanner - [client:400205]scan file in current open file directory(C:/Users/Juan C/Desktop/portfolio/src/app/lib)
2025-05-21 00:17:50.052 [pool-3-thread-1] INFO  com.rs.mv.mvvs.client.catalog.from.scan.CurrentPathScanner - [client:400205]scan file in current open file directory(C:/Users/Juan C/Desktop/portfolio/src/app/api/contact)
2025-05-21 00:20:15.868 [pool-3-thread-1] INFO  com.rs.mv.mvvs.client.catalog.from.scan.CurrentPathScanner - [client:400205]scan file in current open file directory(C:/Users/Juan C/Desktop/portfolio/src/app/lib)
2025-05-21 00:20:26.432 [pool-3-thread-1] INFO  com.rs.mv.mvvs.client.catalog.from.scan.CurrentPathScanner - [client:400205]scan file in current open file directory(C:/Users/Juan C/Desktop/portfolio/src/models)
2025-05-21 00:20:28.679 [pool-3-thread-1] INFO  com.rs.mv.mvvs.client.catalog.from.scan.CurrentPathScanner - [client:400205]scan file in current open file directory(C:/Users/Juan C/Desktop/portfolio)
2025-05-21 00:20:30.864 [pool-3-thread-1] INFO  com.rs.mv.mvvs.client.catalog.from.scan.CurrentPathScanner - [client:400205]scan file in current open file directory(C:/Users/Juan C/Desktop/portfolio/src/models)
2025-05-21 00:20:32.163 [pool-3-thread-1] INFO  com.rs.mv.mvvs.client.catalog.from.scan.CurrentPathScanner - [client:400205]scan file in current open file directory(C:/Users/Juan C/Desktop/portfolio/src/app/api/contact)
2025-05-21 00:20:33.117 [pool-3-thread-1] INFO  com.rs.mv.mvvs.client.catalog.from.scan.CurrentPathScanner - [client:400205]scan file in current open file directory(C:/Users/Juan C/Desktop/portfolio/src/models)
2025-05-21 00:20:34.156 [pool-3-thread-1] INFO  com.rs.mv.mvvs.client.catalog.from.scan.CurrentPathScanner - [client:400205]scan file in current open file directory(C:/Users/Juan C/Desktop/portfolio/src/app/api/contact)
2025-05-21 00:20:35.062 [pool-3-thread-1] INFO  com.rs.mv.mvvs.client.catalog.from.scan.CurrentPathScanner - [client:400205]scan file in current open file directory(C:/Users/Juan C/Desktop/portfolio/src/models)
2025-05-21 00:20:39.293 [pool-3-thread-1] INFO  com.rs.mv.mvvs.client.catalog.from.scan.CurrentPathScanner - [client:400205]scan file in current open file directory(C:/Users/Juan C/Desktop/portfolio/src/app/api/contact)
2025-05-21 00:20:42.954 [pool-3-thread-1] INFO  com.rs.mv.mvvs.client.catalog.from.scan.CurrentPathScanner - [client:400205]scan file in current open file directory(C:/Users/Juan C/Desktop/portfolio/src/models)
2025-05-21 00:20:44.047 [pool-3-thread-1] INFO  com.rs.mv.mvvs.client.catalog.from.scan.CurrentPathScanner - [client:400205]scan file in current open file directory(C:/Users/Juan C/Desktop/portfolio/src/app/api/contact)
2025-05-21 00:20:48.316 [pool-3-thread-1] INFO  com.rs.mv.mvvs.client.catalog.from.scan.CurrentPathScanner - [client:400205]scan file in current open file directory(C:/Users/Juan C/Desktop/portfolio/src/models)
2025-05-21 00:21:01.940 [pool-3-thread-1] INFO  com.rs.mv.mvvs.client.catalog.from.scan.CurrentPathScanner - [client:400205]scan file in current open file directory(C:/Users/Juan C/Desktop/portfolio/src/app/api/contact)
2025-05-21 00:21:06.055 [pool-3-thread-1] INFO  com.rs.mv.mvvs.client.catalog.from.scan.CurrentPathScanner - [client:400205]scan file in current open file directory(C:/Users/Juan C/Desktop/portfolio/src/models)
2025-05-21 00:21:11.845 [pool-3-thread-1] INFO  com.rs.mv.mvvs.client.catalog.from.scan.CurrentPathScanner - [client:400205]scan file in current open file directory(C:/Users/Juan C/Desktop/portfolio/src/app/api/contact)
2025-05-21 00:21:19.536 [pool-3-thread-1] INFO  com.rs.mv.mvvs.client.catalog.from.scan.CurrentPathScanner - [client:400205]scan file in current open file directory(C:/Users/Juan C/Desktop/portfolio/src/models)
2025-05-21 00:21:20.437 [pool-3-thread-1] INFO  com.rs.mv.mvvs.client.catalog.from.scan.CurrentPathScanner - [client:400205]scan file in current open file directory(C:/Users/Juan C/Desktop/portfolio/src/app/api/contact)
2025-05-21 00:21:59.068 [pool-3-thread-1] INFO  com.rs.mv.mvvs.client.catalog.from.scan.CurrentPathScanner - [client:400205]scan file in current open file directory(C:/Users/Juan C/Desktop/portfolio/src/app/lib)
2025-05-21 00:22:21.435 [pool-3-thread-1] INFO  com.rs.mv.mvvs.client.catalog.from.scan.CurrentPathScanner - [client:400205]scan file in current open file directory(C:/Users/Juan C/Desktop/portfolio/src/app/testimonials)
2025-05-21 00:22:44.004 [pool-3-thread-1] INFO  com.rs.mv.mvvs.client.catalog.from.scan.CurrentPathScanner - [client:400205]scan file in current open file directory(C:/Users/Juan C/Desktop/portfolio/src/app/api/contact)
2025-05-21 00:22:50.171 [pool-3-thread-1] INFO  com.rs.mv.mvvs.client.catalog.from.scan.CurrentPathScanner - [client:400205]scan file in current open file directory(C:/Users/Juan C/Desktop/portfolio/src/app/testimonials)
2025-05-21 00:22:51.381 [pool-3-thread-1] INFO  com.rs.mv.mvvs.client.catalog.from.scan.CurrentPathScanner - [client:400205]scan file in current open file directory(C:/Users/Juan C/Desktop/portfolio/src/app/api/contact)
2025-05-21 00:22:52.323 [pool-3-thread-1] INFO  com.rs.mv.mvvs.client.catalog.from.scan.CurrentPathScanner - [client:400205]scan file in current open file directory(C:/Users/Juan C/Desktop/portfolio/src/app/lib)
2025-05-21 00:22:53.979 [pool-3-thread-1] INFO  com.rs.mv.mvvs.client.catalog.from.scan.CurrentPathScanner - [client:400205]scan file in current open file directory(C:/Users/Juan C/Desktop/portfolio/src/models)
2025-05-21 00:22:55.907 [pool-3-thread-1] INFO  com.rs.mv.mvvs.client.catalog.from.scan.CurrentPathScanner - [client:400205]scan file in current open file directory(C:/Users/Juan C/Desktop/portfolio/src/app/api/contact)
2025-05-21 00:23:08.728 [pool-3-thread-1] INFO  com.rs.mv.mvvs.client.catalog.from.scan.CurrentPathScanner - [client:400205]scan file in current open file directory(C:/Users/Juan C/Desktop/portfolio/src/models)
2025-05-21 00:23:09.431 [pool-3-thread-1] INFO  com.rs.mv.mvvs.client.catalog.from.scan.CurrentPathScanner - [client:400205]scan file in current open file directory(C:/Users/Juan C/Desktop/portfolio/src/app/api/contact)
2025-05-21 00:24:40.949 [pool-3-thread-1] INFO  com.rs.mv.mvvs.client.catalog.from.scan.CurrentPathScanner - [client:400205]scan file in current open file directory(C:/Users/Juan C/Desktop/portfolio/src/app/form-contact)
2025-05-21 00:24:46.542 [pool-3-thread-1] INFO  com.rs.mv.mvvs.client.catalog.from.scan.CurrentPathScanner - [client:400205]scan file in current open file directory(C:/Users/Juan C/Desktop/portfolio/src/app/form-testimonial)
2025-05-21 00:25:01.037 [pool-3-thread-1] INFO  com.rs.mv.mvvs.client.catalog.from.scan.CurrentPathScanner - [client:400205]scan file in current open file directory(C:/Users/Juan C/Desktop/portfolio/src/app/api/contact)
2025-05-21 00:28:58.418 [pool-3-thread-1] INFO  com.rs.mv.mvvs.client.catalog.from.scan.CurrentPathScanner - [client:400205]scan file in current open file directory(C:/Users/Juan C/Desktop/portfolio/src/app/api/testimonial)
2025-05-21 00:28:59.773 [pool-3-thread-1] INFO  com.rs.mv.mvvs.client.catalog.from.scan.CurrentPathScanner - [client:400205]scan file in current open file directory(C:/Users/Juan C/Desktop/portfolio/src/app/api/contact)
2025-05-21 00:29:03.771 [pool-3-thread-1] INFO  com.rs.mv.mvvs.client.catalog.from.scan.CurrentPathScanner - [client:400205]scan file in current open file directory(C:/Users/Juan C/Desktop/portfolio/src/app/api/testimonial)
2025-05-21 00:29:23.092 [pool-3-thread-1] INFO  com.rs.mv.mvvs.client.catalog.from.scan.CurrentPathScanner - [client:400205]scan file in current open file directory(C:/Users/Juan C/Desktop/portfolio/src/app/api/contact)
2025-05-21 00:29:44.583 [pool-3-thread-1] INFO  com.rs.mv.mvvs.client.catalog.from.scan.CurrentPathScanner - [client:400205]scan file in current open file directory(C:/Users/Juan C/Desktop/portfolio/src/app/api/testimonial)
2025-05-21 00:31:57.912 [pool-3-thread-1] INFO  com.rs.mv.mvvs.client.catalog.from.scan.CurrentPathScanner - [client:400205]scan file in current open file directory(C:/Users/Juan C/Desktop/portfolio/src/app/api/contact)
2025-05-21 00:33:26.817 [pool-3-thread-1] INFO  com.rs.mv.mvvs.client.catalog.from.scan.CurrentPathScanner - [client:400205]scan file in current open file directory(C:/Users/Juan C/Desktop/portfolio)
2025-05-21 00:37:31.549 [pool-3-thread-1] INFO  com.rs.mv.mvvs.client.catalog.from.scan.CurrentPathScanner - [client:400205]scan file in current open file directory(C:/Users/Juan C/Desktop/portfolio/src/app/api/contact)
2025-05-21 00:37:35.543 [pool-3-thread-1] INFO  com.rs.mv.mvvs.client.catalog.from.scan.CurrentPathScanner - [client:400205]scan file in current open file directory(C:/Users/Juan C/Desktop/portfolio/src/app/api/testimonial)
2025-05-21 00:37:38.917 [pool-3-thread-1] INFO  com.rs.mv.mvvs.client.catalog.from.scan.CurrentPathScanner - [client:400205]scan file in current open file directory(C:/Users/Juan C/Desktop/portfolio/src/app/form-testimonial)
2025-05-21 00:37:39.859 [pool-3-thread-1] INFO  com.rs.mv.mvvs.client.catalog.from.scan.CurrentPathScanner - [client:400205]scan file in current open file directory(C:/Users/Juan C/Desktop/portfolio/src/app/lib)
2025-05-21 00:39:35.937 [pool-3-thread-1] INFO  com.rs.mv.mvvs.client.catalog.from.scan.CurrentPathScanner - [client:400205]scan file in current open file directory(C:/Users/Juan C/Desktop/portfolio/src/app/form-testimonial)
2025-05-21 00:39:42.341 [pool-3-thread-1] INFO  com.rs.mv.mvvs.client.catalog.from.scan.CurrentPathScanner - [client:400205]scan file in current open file directory(C:/Users/Juan C/Desktop/portfolio/src/app/form-contact)
2025-05-21 00:39:59.859 [pool-3-thread-1] INFO  com.rs.mv.mvvs.client.catalog.from.scan.CurrentPathScanner - [client:400205]scan file in current open file directory(C:/Users/Juan C/Desktop/portfolio/src/app/form-testimonial)
2025-05-21 00:40:53.805 [pool-3-thread-1] INFO  com.rs.mv.mvvs.client.catalog.from.scan.CurrentPathScanner - [client:400205]scan file in current open file directory(C:/Users/Juan C/Desktop/portfolio/src/app/form-contact)
2025-05-21 00:41:00.627 [pool-3-thread-1] INFO  com.rs.mv.mvvs.client.catalog.from.scan.CurrentPathScanner - [client:400205]scan file in current open file directory(C:/Users/Juan C/Desktop/portfolio/src/app/form-testimonial)
2025-05-21 00:41:07.610 [pool-3-thread-1] INFO  com.rs.mv.mvvs.client.catalog.from.scan.CurrentPathScanner - [client:400205]scan file in current open file directory(C:/Users/Juan C/Desktop/portfolio/src/app/form-contact)
2025-05-21 00:41:15.501 [pool-3-thread-1] INFO  com.rs.mv.mvvs.client.catalog.from.scan.CurrentPathScanner - [client:400205]scan file in current open file directory(C:/Users/Juan C/Desktop/portfolio/src/app/form-testimonial)
2025-05-21 00:41:51.598 [pool-3-thread-1] INFO  com.rs.mv.mvvs.client.catalog.from.scan.CurrentPathScanner - [client:400205]scan file in current open file directory(C:/Users/Juan C/Desktop/portfolio/src/app/form-contact)
2025-05-21 00:41:59.323 [pool-3-thread-1] INFO  com.rs.mv.mvvs.client.catalog.from.scan.CurrentPathScanner - [client:400205]scan file in current open file directory(C:/Users/Juan C/Desktop/portfolio/src/app/form-testimonial)
2025-05-21 00:44:22.021 [pool-3-thread-1] INFO  com.rs.mv.mvvs.client.catalog.from.scan.CurrentPathScanner - [client:400205]scan file in current open file directory(C:/Users/Juan C/Desktop/portfolio/src/app/form-contact)
2025-05-21 00:44:24.491 [pool-3-thread-1] INFO  com.rs.mv.mvvs.client.catalog.from.scan.CurrentPathScanner - [client:400205]scan file in current open file directory(C:/Users/Juan C/Desktop/portfolio/src/app/form-testimonial)
2025-05-21 00:44:33.606 [pool-3-thread-1] INFO  com.rs.mv.mvvs.client.catalog.from.scan.CurrentPathScanner - [client:400205]scan file in current open file directory(C:/Users/Juan C/Desktop/portfolio/src/app/api/contact)
2025-05-21 00:47:31.986 [pool-3-thread-1] INFO  com.rs.mv.mvvs.client.catalog.from.scan.CurrentPathScanner - [client:400205]scan file in current open file directory(C:/Users/Juan C/Desktop/portfolio/src/app/api/testimonial)
2025-05-21 00:48:12.143 [pool-3-thread-1] INFO  com.rs.mv.mvvs.client.catalog.from.scan.CurrentPathScanner - [client:400205]scan file in current open file directory(C:/Users/Juan C/Desktop/portfolio/src/app/api/contact)
2025-05-21 00:48:25.032 [pool-3-thread-1] INFO  com.rs.mv.mvvs.client.catalog.from.scan.CurrentPathScanner - [client:400205]scan file in current open file directory(C:/Users/Juan C/Desktop/portfolio/src/app/api/testimonial)
2025-05-21 00:48:31.689 [pool-3-thread-1] INFO  com.rs.mv.mvvs.client.catalog.from.scan.CurrentPathScanner - [client:400205]scan file in current open file directory(C:/Users/Juan C/Desktop/portfolio/src/app/api/contact)
2025-05-21 00:48:38.735 [pool-3-thread-1] INFO  com.rs.mv.mvvs.client.catalog.from.scan.CurrentPathScanner - [client:400205]scan file in current open file directory(C:/Users/Juan C/Desktop/portfolio/src/app/api/testimonial)
2025-05-21 00:49:31.061 [pool-3-thread-1] INFO  com.rs.mv.mvvs.client.catalog.from.scan.CurrentPathScanner - [client:400205]scan file in current open file directory(C:/Users/Juan C/Desktop/portfolio/src/app/form-testimonial)
2025-05-21 00:49:32.172 [pool-3-thread-1] INFO  com.rs.mv.mvvs.client.catalog.from.scan.CurrentPathScanner - [client:400205]scan file in current open file directory(C:/Users/Juan C/Desktop/portfolio/src/app/form-contact)
2025-05-21 00:49:33.804 [pool-3-thread-1] INFO  com.rs.mv.mvvs.client.catalog.from.scan.CurrentPathScanner - [client:400205]scan file in current open file directory(C:/Users/Juan C/Desktop/portfolio/src/app/api/contact)
2025-05-21 00:49:40.253 [pool-3-thread-1] INFO  com.rs.mv.mvvs.client.catalog.from.scan.CurrentPathScanner - [client:400205]scan file in current open file directory(C:/Users/Juan C/Desktop/portfolio/src/app/form-testimonial)
2025-05-21 00:49:57.632 [pool-3-thread-1] INFO  com.rs.mv.mvvs.client.catalog.from.scan.CurrentPathScanner - [client:400205]scan file in current open file directory(C:/Users/Juan C/Desktop/portfolio/src/app/lib)
2025-05-21 00:50:01.008 [pool-3-thread-1] INFO  com.rs.mv.mvvs.client.catalog.from.scan.CurrentPathScanner - [client:400205]scan file in current open file directory(C:/Users/Juan C/Desktop/portfolio/src/app/api/testimonial)
2025-05-21 00:50:08.893 [pool-3-thread-1] INFO  com.rs.mv.mvvs.client.catalog.from.scan.CurrentPathScanner - [client:400205]scan file in current open file directory(C:/Users/Juan C/Desktop/portfolio/src/app/form-contact)
2025-05-21 00:50:12.262 [pool-3-thread-1] INFO  com.rs.mv.mvvs.client.catalog.from.scan.CurrentPathScanner - [client:400205]scan file in current open file directory(C:/Users/Juan C/Desktop/portfolio/src/app/lib)
2025-05-21 00:50:13.889 [pool-3-thread-1] INFO  com.rs.mv.mvvs.client.catalog.from.scan.CurrentPathScanner - [client:400205]scan file in current open file directory(C:/Users/Juan C/Desktop/portfolio/src/app/form-testimonial)
2025-05-21 00:50:16.689 [pool-3-thread-1] INFO  com.rs.mv.mvvs.client.catalog.from.scan.CurrentPathScanner - [client:400205]scan file in current open file directory(C:/Users/Juan C/Desktop/portfolio/src/app/api/contact)
2025-05-21 00:50:18.704 [pool-3-thread-1] INFO  com.rs.mv.mvvs.client.catalog.from.scan.CurrentPathScanner - [client:400205]scan file in current open file directory(C:/Users/Juan C/Desktop/portfolio/src/app/form-testimonial)
2025-05-21 01:03:17.385 [pool-3-thread-1] INFO  com.rs.mv.mvvs.client.catalog.from.scan.CurrentPathScanner - [client:400205]scan file in current open file directory(C:/Users/Juan C/Desktop/portfolio)
2025-05-21 01:04:10.446 [pool-3-thread-1] INFO  com.rs.mv.mvvs.client.catalog.from.scan.CurrentPathScanner - [client:400205]scan file in current open file directory(C:/Users/Juan C/Desktop/portfolio/src/app/form-testimonial)
